<?xml version="1.0" encoding="UTF-8"?>
<coverage generated="1726115454761" clover="3.2.0">
  <project timestamp="1726115454761" name="All files">
    <metrics statements="25" coveredstatements="3" conditionals="14" coveredconditionals="0" methods="5" coveredmethods="1" elements="44" coveredelements="4" complexity="0" loc="25" ncloc="25" packages="2" files="2" classes="2"/>
    <package name="src.form">
      <metrics statements="24" coveredstatements="2" conditionals="14" coveredconditionals="0" methods="5" coveredmethods="1"/>
      <file name="form-storage.ts" path="/Library/WebServer/Documents/typescript-tests/src/form/form-storage.ts">
        <metrics statements="24" coveredstatements="2" conditionals="14" coveredconditionals="0" methods="5" coveredmethods="1"/>
        <line num="25" count="1" type="stmt"/>
        <line num="26" count="1" type="stmt"/>
        <line num="33" count="0" type="stmt"/>
        <line num="43" count="0" type="stmt"/>
        <line num="44" count="0" type="cond" truecount="0" falsecount="4"/>
        <line num="45" count="0" type="stmt"/>
        <line num="48" count="0" type="stmt"/>
        <line num="49" count="0" type="cond" truecount="0" falsecount="2"/>
        <line num="50" count="0" type="stmt"/>
        <line num="52" count="0" type="cond" truecount="0" falsecount="2"/>
        <line num="53" count="0" type="stmt"/>
        <line num="55" count="0" type="stmt"/>
        <line num="58" count="0" type="stmt"/>
        <line num="71" count="0" type="stmt"/>
        <line num="72" count="0" type="cond" truecount="0" falsecount="4"/>
        <line num="73" count="0" type="stmt"/>
        <line num="76" count="0" type="stmt"/>
        <line num="77" count="0" type="stmt"/>
        <line num="79" count="0" type="stmt"/>
        <line num="80" count="0" type="stmt"/>
        <line num="81" count="0" type="stmt"/>
        <line num="82" count="0" type="cond" truecount="0" falsecount="2"/>
        <line num="83" count="0" type="stmt"/>
        <line num="88" count="0" type="stmt"/>
      </file>
    </package>
    <package name="test.fixtures">
      <metrics statements="1" coveredstatements="1" conditionals="0" coveredconditionals="0" methods="0" coveredmethods="0"/>
      <file name="form.ts" path="/Library/WebServer/Documents/typescript-tests/test/fixtures/form.ts">
        <metrics statements="1" coveredstatements="1" conditionals="0" coveredconditionals="0" methods="0" coveredmethods="0"/>
        <line num="1" count="1" type="stmt"/>
      </file>
    </package>
  </project>
</coverage>
