{"/Library/WebServer/Documents/typescript-tests/src/form/form-storage.ts": {"path":"/Library/WebServer/Documents/typescript-tests/src/form/form-storage.ts","statementMap":{"0":{"start":{"line":25,"column":4},"end":{"line":25,"column":21}},"1":{"start":{"line":26,"column":4},"end":{"line":26,"column":69}},"2":{"start":{"line":33,"column":4},"end":{"line":33,"column":29}},"3":{"start":{"line":43,"column":17},"end":{"line":43,"column":51}},"4":{"start":{"line":44,"column":4},"end":{"line":46,"column":5}},"5":{"start":{"line":45,"column":6},"end":{"line":45,"column":18}},"6":{"start":{"line":48,"column":25},"end":{"line":48,"column":59}},"7":{"start":{"line":49,"column":22},"end":{"line":49,"column":77}},"8":{"start":{"line":50,"column":21},"end":{"line":50,"column":25}},"9":{"start":{"line":52,"column":4},"end":{"line":56,"column":5}},"10":{"start":{"line":53,"column":6},"end":{"line":53,"column":61}},"11":{"start":{"line":55,"column":6},"end":{"line":55,"column":39}},"12":{"start":{"line":58,"column":4},"end":{"line":62,"column":6}},"13":{"start":{"line":71,"column":19},"end":{"line":71,"column":47}},"14":{"start":{"line":72,"column":4},"end":{"line":74,"column":5}},"15":{"start":{"line":73,"column":6},"end":{"line":73,"column":13}},"16":{"start":{"line":76,"column":22},"end":{"line":76,"column":37}},"17":{"start":{"line":77,"column":4},"end":{"line":77,"column":28}},"18":{"start":{"line":79,"column":4},"end":{"line":85,"column":7}},"19":{"start":{"line":80,"column":23},"end":{"line":80,"column":47}},"20":{"start":{"line":81,"column":26},"end":{"line":81,"column":71}},"21":{"start":{"line":82,"column":6},"end":{"line":84,"column":7}},"22":{"start":{"line":83,"column":8},"end":{"line":83,"column":45}},"23":{"start":{"line":88,"column":4},"end":{"line":88,"column":71}}},"fnMap":{"0":{"name":"(anonymous_0)","decl":{"start":{"line":24,"column":2},"end":{"line":24,"column":3}},"loc":{"start":{"line":24,"column":37},"end":{"line":27,"column":3}},"line":24},"1":{"name":"(anonymous_1)","decl":{"start":{"line":32,"column":2},"end":{"line":32,"column":3}},"loc":{"start":{"line":32,"column":30},"end":{"line":34,"column":3}},"line":32},"2":{"name":"(anonymous_2)","decl":{"start":{"line":42,"column":2},"end":{"line":42,"column":3}},"loc":{"start":{"line":42,"column":75},"end":{"line":63,"column":3}},"line":42},"3":{"name":"(anonymous_3)","decl":{"start":{"line":70,"column":2},"end":{"line":70,"column":3}},"loc":{"start":{"line":70,"column":36},"end":{"line":89,"column":3}},"line":70},"4":{"name":"(anonymous_4)","decl":{"start":{"line":79,"column":66},"end":{"line":79,"column":67}},"loc":{"start":{"line":79,"column":76},"end":{"line":85,"column":5}},"line":79}},"branchMap":{"0":{"loc":{"start":{"line":44,"column":4},"end":{"line":46,"column":5}},"type":"if","locations":[{"start":{"line":44,"column":4},"end":{"line":46,"column":5}},{"start":{},"end":{}}],"line":44},"1":{"loc":{"start":{"line":44,"column":8},"end":{"line":44,"column":34}},"type":"binary-expr","locations":[{"start":{"line":44,"column":8},"end":{"line":44,"column":13}},{"start":{"line":44,"column":17},"end":{"line":44,"column":34}}],"line":44},"2":{"loc":{"start":{"line":49,"column":22},"end":{"line":49,"column":77}},"type":"binary-expr","locations":[{"start":{"line":49,"column":22},"end":{"line":49,"column":49}},{"start":{"line":49,"column":53},"end":{"line":49,"column":77}}],"line":49},"3":{"loc":{"start":{"line":52,"column":4},"end":{"line":56,"column":5}},"type":"if","locations":[{"start":{"line":52,"column":4},"end":{"line":56,"column":5}},{"start":{"line":54,"column":11},"end":{"line":56,"column":5}}],"line":52},"4":{"loc":{"start":{"line":72,"column":4},"end":{"line":74,"column":5}},"type":"if","locations":[{"start":{"line":72,"column":4},"end":{"line":74,"column":5}},{"start":{},"end":{}}],"line":72},"5":{"loc":{"start":{"line":72,"column":8},"end":{"line":72,"column":38}},"type":"binary-expr","locations":[{"start":{"line":72,"column":8},"end":{"line":72,"column":15}},{"start":{"line":72,"column":19},"end":{"line":72,"column":38}}],"line":72},"6":{"loc":{"start":{"line":82,"column":6},"end":{"line":84,"column":7}},"type":"if","locations":[{"start":{"line":82,"column":6},"end":{"line":84,"column":7}},{"start":{},"end":{}}],"line":82}},"s":{"0":1,"1":1,"2":0,"3":0,"4":0,"5":0,"6":0,"7":0,"8":0,"9":0,"10":0,"11":0,"12":0,"13":0,"14":0,"15":0,"16":0,"17":0,"18":0,"19":0,"20":0,"21":0,"22":0,"23":0},"f":{"0":1,"1":0,"2":0,"3":0,"4":0},"b":{"0":[0,0],"1":[0,0],"2":[0,0],"3":[0,0],"4":[0,0],"5":[0,0],"6":[0,0]},"_coverageSchema":"1a1c01bbd47fc00a2c39e90264f33305004495a9","hash":"564702142f0dbd2837f043709e7c18d7fe73e85f"}
,"/Library/WebServer/Documents/typescript-tests/test/fixtures/form.ts": {"path":"/Library/WebServer/Documents/typescript-tests/test/fixtures/form.ts","statementMap":{"0":{"start":{"line":1,"column":18},"end":{"line":12,"column":1}}},"fnMap":{},"branchMap":{},"s":{"0":1},"f":{},"b":{},"_coverageSchema":"1a1c01bbd47fc00a2c39e90264f33305004495a9","hash":"a8247264bc8e993215f5edc446acaa9440ce1928"}
}
